[0;35m[2025-07-04 22:16:49] [HEADER][0m Initializing qOracle Production Monitor
[0;32m[2025-07-04 22:16:49] [SUCCESS][0m Monitoring contract: STEC1B35947F2C9D19D3B70959D67B5101067A0F516BC7F53515A48762C4997D45
[0;32m[2025-07-04 22:16:49] [SUCCESS][0m Monitor PID: 21900
[0;35m[2025-07-04 22:16:49] [HEADER][0m Starting qOracle Production Monitor
[0;34m[2025-07-04 22:16:49] [INFO][0m Monitor interval: 60s
[0;34m[2025-07-04 22:16:49] [INFO][0m === Monitoring Cycle ===
[0;34m[2025-07-04 22:16:49] [INFO][0m Performing health check...
[0;34m[2025-07-04 22:16:49] [INFO][0m Contract status: ACTIVE
[0;34m[2025-07-04 22:16:49] [INFO][0m Checking oracle committee...
[0;34m[2025-07-04 22:16:49] [INFO][0m Checking token balances...
[0;34m[2025-07-04 22:16:49] [INFO][0m Checking bridge status...
[0;32m[2025-07-04 22:16:49] [SUCCESS][0m Health check completed
[0;34m[2025-07-04 22:16:49] [INFO][0m Monitoring price updates...
[0;32m[2025-07-04 22:16:49] [SUCCESS][0m Price updates are current
[0;34m[2025-07-04 22:16:49] [INFO][0m Monitoring token balances...
[0;34m[2025-07-04 22:16:49] [INFO][0m BANKON PYTHAI: 100,000 fixed supply
[0;34m[2025-07-04 22:16:49] [INFO][0m qBTC: 21,000,000 fixed supply
[0;34m[2025-07-04 22:16:49] [INFO][0m qUSD: Dynamic supply (USDC peg)
[0;32m[2025-07-04 22:16:49] [SUCCESS][0m Token balance monitoring completed
[0;34m[2025-07-04 22:16:49] [INFO][0m Monitoring cross-chain bridge...
[0;34m[2025-07-04 22:16:49] [INFO][0m Bridge liquidity: ACTIVE
[0;34m[2025-07-04 22:16:49] [INFO][0m Daily swap volume: MONITORING
[0;34m[2025-07-04 22:16:49] [INFO][0m Bridge security: ACTIVE
[0;32m[2025-07-04 22:16:49] [SUCCESS][0m Bridge monitoring completed
[0;34m[2025-07-04 22:16:49] [INFO][0m Monitoring governance...
[0;34m[2025-07-04 22:16:49] [INFO][0m Active proposals: 0
[0;34m[2025-07-04 22:16:49] [INFO][0m Multisig threshold: 3-of-N
[0;34m[2025-07-04 22:16:49] [INFO][0m Execution queue: EMPTY
[0;32m[2025-07-04 22:16:49] [SUCCESS][0m Governance monitoring completed
[0;34m[2025-07-04 22:16:50] [INFO][0m Monitoring security status...
[0;34m[2025-07-04 22:16:50] [INFO][0m Quantum resistance: ACTIVE (Dilithium3)
[0;34m[2025-07-04 22:16:50] [INFO][0m Launch protection: ACTIVE
[0;34m[2025-07-04 22:16:50] [INFO][0m Admin keys: BURNED
[0;34m[2025-07-04 22:16:50] [INFO][0m Replay protection: ACTIVE
[0;32m[2025-07-04 22:16:50] [SUCCESS][0m Security monitoring completed
[0;34m[2025-07-04 22:16:50] [INFO][0m Checking for emergency conditions...
[0;34m[2025-07-04 22:16:50] [INFO][0m Circuit breaker: INACTIVE
[0;34m[2025-07-04 22:16:50] [INFO][0m Emergency multisig: READY
[0;34m[2025-07-04 22:16:50] [INFO][0m Daily volume: WITHIN LIMITS
[0;32m[2025-07-04 22:16:50] [SUCCESS][0m Emergency check completed
[0;34m[2025-07-04 22:16:50] [INFO][0m Monitoring cycle completed. Sleeping for 60s...
[0;35m[2025-07-04 22:17:19] [HEADER][0m Shutting down qOracle Production Monitor
[0;32m[2025-07-04 22:17:19] [SUCCESS][0m Monitor shutdown complete
